<?xml version="1.0" encoding="UTF-8"?>
<testsuite name="ru.ftry.eugene.sandbox.EquationTests" tests="3" skipped="0" failures="0" errors="0" timestamp="2020-02-23T12:49:50" hostname="DESKTOP-QDHO3G2" time="0.012">
  <properties/>
  <testcase name="test0" classname="ru.ftry.eugene.sandbox.EquationTests" time="0.007"/>
  <testcase name="test1" classname="ru.ftry.eugene.sandbox.EquationTests" time="0.0"/>
  <testcase name="test2" classname="ru.ftry.eugene.sandbox.EquationTests" time="0.001"/>
  <system-out><![CDATA[]]></system-out>
  <system-err><![CDATA[]]></system-err>
</testsuite>
