<?xml version="1.0" encoding="UTF-8"?>
<testsuite name="ru.ftry.homework3.PointTests" tests="4" skipped="0" failures="0" errors="0" timestamp="2020-02-10T19:11:54" hostname="DESKTOP-QDHO3G2" time="0.017">
  <properties/>
  <testcase name="testCalcDistanceMinus" classname="ru.ftry.homework3.PointTests" time="0.008"/>
  <testcase name="testCalcDistancePlus" classname="ru.ftry.homework3.PointTests" time="0.0"/>
  <testcase name="testCalcDistanceZero" classname="ru.ftry.homework3.PointTests" time="0.001"/>
  <testcase name="testCalcDistanceZeroPoint" classname="ru.ftry.homework3.PointTests" time="0.0"/>
  <system-out><![CDATA[]]></system-out>
  <system-err><![CDATA[]]></system-err>
</testsuite>
