<?xml version="1.0" encoding="UTF-8"?>
<testsuite name="ru.ftry.eugene.sandbox.PrimeTests" tests="1" skipped="0" failures="0" errors="0" timestamp="2020-03-01T12:57:12" hostname="DESKTOP-QDHO3G2" time="0.008">
  <properties/>
  <testcase name="testPrime" classname="ru.ftry.eugene.sandbox.PrimeTests" time="0.008"/>
  <system-out><![CDATA[]]></system-out>
  <system-err><![CDATA[]]></system-err>
</testsuite>
